<?xml version="1.0" encoding="UTF-8"?>
<!-- Generated by org.testng.reporters.JUnitXMLReporter -->
<testsuite hostname="user-PC" ignored="0" name="Sanity" tests="6" failures="0" timestamp="25 Aug 2018 16:31:01 GMT" time="0.053" errors="0">
  <testcase name="clickLogin" time="0.007" classname="Test.FlipKartLogin"/>
  <testcase name="enterPassword" time="0.002" classname="Test.FlipKartLogin"/>
  <testcase name="enterUserName" time="0.001" classname="Test.FlipKartLogin"/>
  <testcase name="clickLoginHome" time="0.002" classname="Test.FlipKartLoginm"/>
  <testcase name="enterPasswordHome" time="0.001" classname="Test.FlipKartLoginm"/>
  <testcase name="enterUserNameHome" time="0.001" classname="Test.FlipKartLoginm"/>
</testsuite> <!-- Sanity -->
