<?xml version="1.0" encoding="UTF-8"?>
<testng-results skipped="0" failed="0" ignored="0" total="2" passed="2">
  <reporter-output>
  </reporter-output>
  <suite name="Suite" duration-ms="24198" started-at="2018-09-06T16:54:54Z" finished-at="2018-09-06T16:55:18Z">
    <groups>
    </groups>
    <test name="Test" duration-ms="24198" started-at="2018-09-06T16:54:54Z" finished-at="2018-09-06T16:55:18Z">
      <class name="Test.SignUp">
        <test-method status="PASS" signature="clickSignUp()[pri:0, instance:Test.SignUp@15530b9]" name="clickSignUp" duration-ms="196" started-at="2018-09-06T22:25:18Z" finished-at="2018-09-06T22:25:18Z">
          <reporter-output>
          </reporter-output>
        </test-method> <!-- clickSignUp -->
      </class> <!-- Test.SignUp -->
      <class name="Test.LoginTest">
        <test-method status="PASS" signature="initialize()[pri:0, instance:Test.LoginTest@198378d]" name="initialize" is-config="true" duration-ms="21515" started-at="2018-09-06T22:24:54Z" finished-at="2018-09-06T22:25:15Z">
          <reporter-output>
          </reporter-output>
        </test-method> <!-- initialize -->
        <test-method status="PASS" signature="fillForm()[pri:0, instance:Test.LoginTest@198378d]" name="fillForm" duration-ms="2446" started-at="2018-09-06T22:25:15Z" finished-at="2018-09-06T22:25:18Z">
          <reporter-output>
          </reporter-output>
        </test-method> <!-- fillForm -->
      </class> <!-- Test.LoginTest -->
    </test> <!-- Test -->
  </suite> <!-- Suite -->
</testng-results>
